[www.yvy-agency.com/index.html]
[backblue.gif]
[fade.gif]
[index.html]
[uploads-ssl.webflow.com/638749c002482e68f23d8f55/css/yvy-agencys.webflow.e3acb986e.css]
[ajax.googleapis.com/ajax/libs/webfont/1.6.26/webfont.js]
[uploads-ssl.webflow.com/638749c002482e68f23d8f55/638eab1691a1d48133bb8a81_favicon-32x32.png]
[uploads-ssl.webflow.com/638749c002482e68f23d8f55/638eab757ad2bd3746613a06_Sans titre (16).png]
[uploads-ssl.webflow.com/638749c002482e68f23d8f55/638c8abdcb0ed0460da10a5b_Welcome to (2).png]
[uploads-ssl.webflow.com/638749c002482e68f23d8f55/638fd6c31889f6902521bd16_Why can we (17).png]
[uploads-ssl.webflow.com/638749c002482e68f23d8f55/63875858a2ccfcb4a38d5481_pexels-photo-3806244 (1).jpg]
[uploads-ssl.webflow.com/638749c002482e68f23d8f55/638e9e1d0c3b330e90344f92_Why can we (12).png]
[uploads-ssl.webflow.com/638749c002482e68f23d8f55/638758591faed228138f6e6c_pexels-photo-5282577 (1).jpg]
[uploads-ssl.webflow.com/638749c002482e68f23d8f55/638758593962d75b43b4600d_pexels-photo-8984786.jpg]
[uploads-ssl.webflow.com/638749c002482e68f23d8f55/638758590a60b306c2d84ec8_pexels-photo-11596249.jpg]
[uploads-ssl.webflow.com/638749c002482e68f23d8f55/638f17850cb055606ea9822a_Sans titre (17).png]
[uploads-ssl.webflow.com/638749c002482e68f23d8f55/638e9e1e83086343946f2d07_Why can we (11).png]
[uploads-ssl.webflow.com/638749c002482e68f23d8f55/63bc36f3ad041d9727754163_photo_2023-01-09_12-46-49.jpg]
[uploads-ssl.webflow.com/638749c002482e68f23d8f55/638b3eea44a03f746f98abc1_Screenshot 2022-11-28 at 16.31.11.png]
[uploads-ssl.webflow.com/638749c002482e68f23d8f55/6390793f385b05beec9c20d9_Why can we (18).png]
[uploads-ssl.webflow.com/638749c002482e68f23d8f55/638e20709ed4e52cef4ee68b_300x300 (2).png]
[uploads-ssl.webflow.com/638749c002482e68f23d8f55/638e2115ed8f005a83c00ad3_300x300 (1).png]
[uploads-ssl.webflow.com/638749c002482e68f23d8f55/638e21fef48ee5ed8bd4bf44_300x300 (4).png]
[uploads-ssl.webflow.com/638749c002482e68f23d8f55/638ea13dab6e8f6c7fd7bab8_Sans titre (15).png]
[uploads-ssl.webflow.com/638749c002482e68f23d8f55/638e9f175913fe587ce7c93a_Why can we (15).png]
[uploads-ssl.webflow.com/638749c002482e68f23d8f55/638f1ae50cb0558b09a9b123_Sans titre (18).png]
[d3e54v103j8qbb.cloudfront.net/js/jquery-3.5.1.min.dc5e7f18c8ac29.js]
[www.yvy-agency.com/index.html]
[uploads-ssl.webflow.com/638749c002482e68f23d8f55/js/webflow.649311216.js]
[uploads-ssl.webflow.com/638749c002482e68f23d8f55/638749c002482e73f83d900b_team-7.jpg]
[uploads-ssl.webflow.com/638749c002482e68f23d8f55/638749c002482e58463d9009_team-2.jpg]
[uploads-ssl.webflow.com/638749c002482e68f23d8f55/638749c002482e98733d900a_team-3.jpg]
[uploads-ssl.webflow.com/638749c002482e68f23d8f55/css/yvy-agencys.webflow.e3acb986e.css]
